#
# A fatal error has been detected by the Java Runtime Environment:
#
#  SIGSEGV (0xb) at pc=0x0000000104d1d2b0, pid=5823, tid=17155
#
# JRE version: Java(TM) SE Runtime Environment (8.0_25-b17) (build 1.8.0_25-b17)
# Java VM: Java HotSpot(TM) 64-Bit Server VM (25.25-b02 mixed mode bsd-amd64 compressed oops)
# Problematic frame:
# V  [libjvm.dylib+0x4232b0]  Method::checked_resolve_jmethod_id(_jmethodID*)+0xe
#
# Failed to write core dump. Core dumps have been disabled. To enable core dumping, try "ulimit -c unlimited" before starting Java again
#
# If you would like to submit a bug report, please visit:
#   http://bugreport.sun.com/bugreport/crash.jsp
#

---------------  T H R E A D  ---------------

Current thread (0x00007fdd2b03e000):  JavaThread "JDWP Transport Listener: dt_socket" daemon [_thread_in_vm, id=17155, stack(0x0000700000b3b000,0x0000700000c3b000)]

siginfo: si_signo: 11 (SIGSEGV), si_code: 0 (unknown), si_addr: 0x0000000000000000

Registers:
RAX=0x0000000000000001, RBX=0x0000700000c3aa8b, RCX=0x00000001050d0c80, RDX=0x0000700000c3aa8b
RSP=0x0000700000c3a9d0, RBP=0x0000700000c3a9e0, RSI=0x00007fdd2b03e000, RDI=0xd00007fdd2c334b5
R8 =0x0000000000000000, R9 =0x00007fdd2c334610, R10=0x00000000d20a4576, R11=0x00007fdd2c300000
R12=0x00007fdd2b03e000, R13=0xd00007fdd2c334b5, R14=0xd00007fdd2c334b5, R15=0x00007fdd29617ad0
RIP=0x0000000104d1d2b0, EFLAGS=0x0000000000010282, ERR=0x0000000000000000
  TRAPNO=0x000000000000000d

Top of Stack: (sp=0x0000700000c3a9d0)
0x0000700000c3a9d0:   0000700000c3aa8b 0000700000c3aa8b
0x0000700000c3a9e0:   0000700000c3aa40 0000000104c2f26e
0x0000700000c3a9f0:   00007fdd2b03e000 0000000000000000
0x0000700000c3aa00:   0000000000000000 0000000000000000
0x0000700000c3aa10:   00007fdd2b03e000 00007fdd2b03e000
0x0000700000c3aa20:   0000700000c3aa8b 0000700000c3aa90
0x0000700000c3aa30:   d00007fdd2c334b5 0000000000000001
0x0000700000c3aa40:   0000700000c3aa60 000000010587d7dc
0x0000700000c3aa50:   0000000000000001 0000700000c3ab08
0x0000700000c3aa60:   0000700000c3aad0 0000000105862263
0x0000700000c3aa70:   0000700000c3aaa0 00007fdd2c3350f0
0x0000700000c3aa80:   0000000200000032 0000000100c3ab08
0x0000700000c3aa90:   0000000000000000 0000000000000000
0x0000700000c3aaa0:   0000000000000000 0000700000c3ac90
0x0000700000c3aab0:   0000000105884eca 00007fdd295c0470
0x0000700000c3aac0:   0000700000c3ab08 0000000105890588
0x0000700000c3aad0:   0000700000c3aae0 000000010586235c
0x0000700000c3aae0:   0000700000c3ad00 000000010586b8f6
0x0000700000c3aaf0:   000040a800000013 00000000000f0200
0x0000700000c3ab00:   00007fdd2c211f30 0000700000c3ab7d
0x0000700000c3ab10:   00007fdd00000107 0000700000c3ab20
0x0000700000c3ab20:   0000000000000025 0000700000c3ab58
0x0000700000c3ab30:   0000000000000000 0000000000000000
0x0000700000c3ab40:   000040a80000001c 00007fff0000bc80
0x0000700000c3ab50:   0000700000c3ab58 dd7f000002000000
0x0000700000c3ab60:   0600000038b0232c 00003e74696e693c
0x0000700000c3ab70:   0000005629280300 0000000100000000
0x0000700000c3ab80:   0000010100030000 00002e0000000000
0x0000700000c3ab90:   ffff80de162cdd7f 0000ffffffffffff
0x0000700000c3aba0:   0001020003000000 002e000000000000
0x0000700000c3abb0:   0088de162cdd7f00 0064000000000000
0x0000700000c3abc0:   0103000300000000 2f00000000000000 

Instructions: (pc=0x0000000104d1d2b0)
0x0000000104d1d290:   40 48 48 85 c0 75 e0 30 c0 0f b6 c0 5d c3 31 c0
0x0000000104d1d2a0:   5d c3 55 48 89 e5 53 48 83 ec 08 48 85 ff 74 24
0x0000000104d1d2b0:   48 8b 1f 48 85 db 74 1c 48 83 fb 37 74 16 48 8b
0x0000000104d1d2c0:   03 48 89 df ff 50 10 84 c0 b8 00 00 00 00 48 0f 

Register to memory mapping:

RAX=0x0000000000000001 is an unknown value
RBX=0x0000700000c3aa8b is pointing into the stack for thread: 0x00007fdd2b03e000
RCX=0x00000001050d0c80: UseMembar+0 in /Library/Java/JavaVirtualMachines/jdk1.8.0_25.jdk/Contents/Home/jre/lib/server/libjvm.dylib at 0x00000001048fa000
RDX=0x0000700000c3aa8b is pointing into the stack for thread: 0x00007fdd2b03e000
RSP=0x0000700000c3a9d0 is pointing into the stack for thread: 0x00007fdd2b03e000
RBP=0x0000700000c3a9e0 is pointing into the stack for thread: 0x00007fdd2b03e000
RSI=0x00007fdd2b03e000 is a thread
RDI=0xd00007fdd2c334b5 is an unknown value
R8 =0x0000000000000000 is an unknown value
R9 =0x00007fdd2c334610 is an unknown value
R10=0x00000000d20a4576 is an unknown value
R11=0x00007fdd2c300000 is an unknown value
R12=0x00007fdd2b03e000 is a thread
R13=0xd00007fdd2c334b5 is an unknown value
R14=0xd00007fdd2c334b5 is an unknown value
R15=0x00007fdd29617ad0 is an unknown value


Stack: [0x0000700000b3b000,0x0000700000c3b000],  sp=0x0000700000c3a9d0,  free space=1022k
Native frames: (J=compiled Java code, j=interpreted, Vv=VM code, C=native code)
V  [libjvm.dylib+0x4232b0]  Method::checked_resolve_jmethod_id(_jmethodID*)+0xe
V  [libjvm.dylib+0x33526e]  jvmti_IsMethodSynthetic+0xb2
C  [libjdwp.dylib+0x207dc]  isMethodSynthetic+0x63
C  [libjdwp.dylib+0x5263]  methods1+0x10b
C  [libjdwp.dylib+0x535c]  methodsWithGeneric+0xe
C  [libjdwp.dylib+0xe8f6]  debugLoop_run+0x1ce
C  [libjdwp.dylib+0x1f716]  attachThread+0x4d
V  [libjvm.dylib+0x3762ce]  JvmtiAgentThread::call_start_function()+0x38
V  [libjvm.dylib+0x535ed9]  JavaThread::thread_main_inner()+0x9b
V  [libjvm.dylib+0x53761c]  JavaThread::run()+0x1c2
V  [libjvm.dylib+0x45d87e]  java_start(Thread*)+0xf6
C  [libsystem_pthread.dylib+0x39b1]  _pthread_body+0x83
C  [libsystem_pthread.dylib+0x392e]  _pthread_body+0x0
C  [libsystem_pthread.dylib+0x1385]  thread_start+0xd
C  0x0000000000000000


---------------  P R O C E S S  ---------------

Java Threads: ( => current thread )
  0x00007fdd2d0b0000 JavaThread "http-nio-8989-exec-1" daemon [_thread_blocked, id=21255, stack(0x0000700000932000,0x0000700000a32000)]
  0x00007fdd2d922800 JavaThread "DestroyJavaVM" [_thread_blocked, id=5891, stack(0x000070000011a000,0x000070000021a000)]
  0x00007fdd2d1c9800 JavaThread "http-nio-8989-Acceptor-0" daemon [_thread_in_native, id=26883, stack(0x0000700001c6e000,0x0000700001d6e000)]
  0x00007fdd2b68f000 JavaThread "http-nio-8989-ClientPoller-1" daemon [_thread_in_native, id=26371, stack(0x0000700001b6b000,0x0000700001c6b000)]
  0x00007fdd2ba15800 JavaThread "http-nio-8989-ClientPoller-0" daemon [_thread_in_native, id=25859, stack(0x0000700001a68000,0x0000700001b68000)]
  0x00007fdd2ba16000 JavaThread "NioBlockingSelector.BlockPoller-1" daemon [_thread_in_native, id=25347, stack(0x0000700001965000,0x0000700001a65000)]
  0x00007fdd2990d800 JavaThread "container-0" [_thread_blocked, id=24835, stack(0x0000700001862000,0x0000700001962000)]
  0x00007fdd298f8000 JavaThread "ContainerBackgroundProcessor[StandardEngine[Tomcat].StandardHost[localhost].StandardContext[]]" daemon [_thread_blocked, id=24583, stack(0x000070000175f000,0x000070000185f000)]
  0x00007fdd29bb8800 JavaThread "MongoCleaner2053613182" daemon [_thread_blocked, id=22787, stack(0x000070000165c000,0x000070000175c000)]
  0x00007fdd29982800 JavaThread "cluster-1-localhost:27017" daemon [_thread_blocked, id=22275, stack(0x0000700001559000,0x0000700001659000)]
  0x00007fdd2980b000 JavaThread "Service Thread" daemon [_thread_blocked, id=20227, stack(0x000070000114d000,0x000070000124d000)]
  0x00007fdd2a833800 JavaThread "C1 CompilerThread2" daemon [_thread_blocked, id=19715, stack(0x000070000104a000,0x000070000114a000)]
  0x00007fdd2a832800 JavaThread "C2 CompilerThread1" daemon [_thread_blocked, id=19203, stack(0x0000700000f47000,0x0000700001047000)]
  0x00007fdd2980c000 JavaThread "C2 CompilerThread0" daemon [_thread_blocked, id=18691, stack(0x0000700000e44000,0x0000700000f44000)]
  0x00007fdd2b02f800 JavaThread "JDWP Command Reader" daemon [_thread_in_native, id=18179, stack(0x0000700000d41000,0x0000700000e41000)]
  0x00007fdd2b02f000 JavaThread "JDWP Event Helper Thread" daemon [_thread_blocked, id=17667, stack(0x0000700000c3e000,0x0000700000d3e000)]
=>0x00007fdd2b03e000 JavaThread "JDWP Transport Listener: dt_socket" daemon [_thread_in_vm, id=17155, stack(0x0000700000b3b000,0x0000700000c3b000)]
  0x00007fdd29805000 JavaThread "Signal Dispatcher" daemon [_thread_blocked, id=13839, stack(0x0000700000a38000,0x0000700000b38000)]
  0x00007fdd29809000 JavaThread "Finalizer" daemon [_thread_blocked, id=12291, stack(0x000070000082f000,0x000070000092f000)]
  0x00007fdd2b021000 JavaThread "Reference Handler" daemon [_thread_blocked, id=11779, stack(0x000070000072c000,0x000070000082c000)]

Other Threads:
  0x00007fdd2a001000 VMThread [stack: 0x0000700000629000,0x0000700000729000] [id=11267]
  0x00007fdd2b03e800 WatcherThread [stack: 0x0000700001250000,0x0000700001350000] [id=20739]

VM state:not at safepoint (normal execution)

VM Mutex/Monitor currently owned by a thread: None

Heap:
 PSYoungGen      total 117760K, used 56663K [0x000000076ab00000, 0x0000000773f00000, 0x00000007c0000000)
  eden space 107520K, 43% used [0x000000076ab00000,0x000000076d8996e8,0x0000000771400000)
  from space 10240K, 97% used [0x0000000773500000,0x0000000773ebc650,0x0000000773f00000)
  to   space 11264K, 0% used [0x0000000772900000,0x0000000772900000,0x0000000773400000)
 ParOldGen       total 94720K, used 7518K [0x00000006c0000000, 0x00000006c5c80000, 0x000000076ab00000)
  object space 94720K, 7% used [0x00000006c0000000,0x00000006c0757940,0x00000006c5c80000)
 Metaspace       used 30611K, capacity 30884K, committed 31152K, reserved 1077248K
  class space    used 3839K, capacity 3930K, committed 4016K, reserved 1048576K

Card table byte_map: [0x00000001155c0000,0x0000000115dc1000] byte_map_base: 0x0000000111fc0000

Marking Bits: (ParMarkBitMap*) 0x0000000105197390
 Begin Bits: [0x0000000116317000, 0x000000011a317000)
 End Bits:   [0x000000011a317000, 0x000000011e317000)

Polling page: 0x000000010585c000

CodeCache: size=245760Kb used=10611Kb max_used=10632Kb free=235148Kb
 bounds [0x0000000106200000, 0x0000000106c80000, 0x0000000115200000]
 total_blobs=3297 nmethods=2903 adapters=315
 compilation: enabled

Compilation events (10 events):
Event: 51.549 Thread 0x00007fdd2a833800 3421       3       org.bson.BSON::hasDecodeHooks (4 bytes)
Event: 51.549 Thread 0x00007fdd2a833800 nmethod 3421 0x00000001067340d0 code [0x0000000106734220, 0x0000000106734370]
Event: 51.650 Thread 0x00007fdd2a833800 3422       3       java.nio.channels.spi.AbstractInterruptibleChannel::blockedOn (13 bytes)
Event: 51.651 Thread 0x00007fdd2a833800 nmethod 3422 0x0000000106860850 code [0x00000001068609e0, 0x0000000106860ef0]
Event: 51.652 Thread 0x00007fdd2a833800 3423       3       java.lang.System$2::blockedOn (6 bytes)
Event: 51.652 Thread 0x00007fdd2a833800 nmethod 3423 0x0000000106601a10 code [0x0000000106601b80, 0x0000000106601f90]
Event: 52.432 Thread 0x00007fdd2a833800 3424   !   3       sun.nio.ch.SelectorImpl::processDeregisterQueue (101 bytes)
Event: 52.433 Thread 0x00007fdd2a833800 nmethod 3424 0x000000010677c990 code [0x000000010677cbc0, 0x000000010677d778]
Event: 55.439 Thread 0x00007fdd2a833800 3425       3       java.util.concurrent.ConcurrentLinkedQueue::poll (85 bytes)
Event: 55.440 Thread 0x00007fdd2a833800 nmethod 3425 0x0000000106c66c90 code [0x0000000106c66e60, 0x0000000106c67830]

GC Heap History (10 events):
Event: 4.559 GC heap before
{Heap before GC invocations=3 (full 0):
 PSYoungGen      total 76288K, used 70204K [0x000000076ab00000, 0x0000000774000000, 0x00000007c0000000)
  eden space 65536K, 100% used [0x000000076ab00000,0x000000076eb00000,0x000000076eb00000)
  from space 10752K, 43% used [0x000000076f580000,0x000000076fa0f288,0x0000000770000000)
  to   space 10752K, 0% used [0x000000076eb00000,0x000000076eb00000,0x000000076f580000)
 ParOldGen       total 175104K, used 96K [0x00000006c0000000, 0x00000006cab00000, 0x000000076ab00000)
  object space 175104K, 0% used [0x00000006c0000000,0x00000006c0018010,0x00000006cab00000)
 Metaspace       used 16249K, capacity 16426K, committed 16768K, reserved 1064960K
  class space    used 1991K, capacity 2049K, committed 2176K, reserved 1048576K
Event: 4.568 GC heap after
Heap after GC invocations=3 (full 0):
 PSYoungGen      total 76288K, used 7187K [0x000000076ab00000, 0x0000000770000000, 0x00000007c0000000)
  eden space 65536K, 0% used [0x000000076ab00000,0x000000076ab00000,0x000000076eb00000)
  from space 10752K, 66% used [0x000000076eb00000,0x000000076f204e80,0x000000076f580000)
  to   space 10752K, 0% used [0x000000076f580000,0x000000076f580000,0x0000000770000000)
 ParOldGen       total 175104K, used 104K [0x00000006c0000000, 0x00000006cab00000, 0x000000076ab00000)
  object space 175104K, 0% used [0x00000006c0000000,0x00000006c001a010,0x00000006cab00000)
 Metaspace       used 16249K, capacity 16426K, committed 16768K, reserved 1064960K
  class space    used 1991K, capacity 2049K, committed 2176K, reserved 1048576K
}
Event: 6.074 GC heap before
{Heap before GC invocations=4 (full 0):
 PSYoungGen      total 76288K, used 72723K [0x000000076ab00000, 0x0000000770000000, 0x00000007c0000000)
  eden space 65536K, 100% used [0x000000076ab00000,0x000000076eb00000,0x000000076eb00000)
  from space 10752K, 66% used [0x000000076eb00000,0x000000076f204e80,0x000000076f580000)
  to   space 10752K, 0% used [0x000000076f580000,0x000000076f580000,0x0000000770000000)
 ParOldGen       total 175104K, used 104K [0x00000006c0000000, 0x00000006cab00000, 0x000000076ab00000)
  object space 175104K, 0% used [0x00000006c0000000,0x00000006c001a010,0x00000006cab00000)
 Metaspace       used 20554K, capacity 20776K, committed 20992K, reserved 1067008K
  class space    used 2483K, capacity 2518K, committed 2560K, reserved 1048576K
Event: 6.089 GC heap after
Heap after GC invocations=4 (full 0):
 PSYoungGen      total 76288K, used 9327K [0x000000076ab00000, 0x0000000770000000, 0x00000007c0000000)
  eden space 65536K, 0% used [0x000000076ab00000,0x000000076ab00000,0x000000076eb00000)
  from space 10752K, 86% used [0x000000076f580000,0x000000076fe9bfa0,0x0000000770000000)
  to   space 10752K, 0% used [0x000000076eb00000,0x000000076eb00000,0x000000076f580000)
 ParOldGen       total 175104K, used 112K [0x00000006c0000000, 0x00000006cab00000, 0x000000076ab00000)
  object space 175104K, 0% used [0x00000006c0000000,0x00000006c001c010,0x00000006cab00000)
 Metaspace       used 20554K, capacity 20776K, committed 20992K, reserved 1067008K
  class space    used 2483K, capacity 2518K, committed 2560K, reserved 1048576K
}
Event: 6.267 GC heap before
{Heap before GC invocations=5 (full 0):
 PSYoungGen      total 76288K, used 19309K [0x000000076ab00000, 0x0000000770000000, 0x00000007c0000000)
  eden space 65536K, 15% used [0x000000076ab00000,0x000000076b4bf678,0x000000076eb00000)
  from space 10752K, 86% used [0x000000076f580000,0x000000076fe9bfa0,0x0000000770000000)
  to   space 10752K, 0% used [0x000000076eb00000,0x000000076eb00000,0x000000076f580000)
 ParOldGen       total 175104K, used 112K [0x00000006c0000000, 0x00000006cab00000, 0x000000076ab00000)
  object space 175104K, 0% used [0x00000006c0000000,0x00000006c001c010,0x00000006cab00000)
 Metaspace       used 21041K, capacity 21160K, committed 21296K, reserved 1069056K
  class space    used 2549K, capacity 2582K, committed 2608K, reserved 1048576K
Event: 6.278 GC heap after
Heap after GC invocations=5 (full 0):
 PSYoungGen      total 76288K, used 7556K [0x000000076ab00000, 0x0000000773f00000, 0x00000007c0000000)
  eden space 65536K, 0% used [0x000000076ab00000,0x000000076ab00000,0x000000076eb00000)
  from space 10752K, 70% used [0x000000076eb00000,0x000000076f2612c0,0x000000076f580000)
  to   space 10240K, 0% used [0x0000000773500000,0x0000000773500000,0x0000000773f00000)
 ParOldGen       total 175104K, used 120K [0x00000006c0000000, 0x00000006cab00000, 0x000000076ab00000)
  object space 175104K, 0% used [0x00000006c0000000,0x00000006c001e010,0x00000006cab00000)
 Metaspace       used 21041K, capacity 21160K, committed 21296K, reserved 1069056K
  class space    used 2549K, capacity 2582K, committed 2608K, reserved 1048576K
}
Event: 6.278 GC heap before
{Heap before GC invocations=6 (full 1):
 PSYoungGen      total 76288K, used 7556K [0x000000076ab00000, 0x0000000773f00000, 0x00000007c0000000)
  eden space 65536K, 0% used [0x000000076ab00000,0x000000076ab00000,0x000000076eb00000)
  from space 10752K, 70% used [0x000000076eb00000,0x000000076f2612c0,0x000000076f580000)
  to   space 10240K, 0% used [0x0000000773500000,0x0000000773500000,0x0000000773f00000)
 ParOldGen       total 175104K, used 120K [0x00000006c0000000, 0x00000006cab00000, 0x000000076ab00000)
  object space 175104K, 0% used [0x00000006c0000000,0x00000006c001e010,0x00000006cab00000)
 Metaspace       used 21041K, capacity 21160K, committed 21296K, reserved 1069056K
  class space    used 2549K, capacity 2582K, committed 2608K, reserved 1048576K
Event: 6.338 GC heap after
Heap after GC invocations=6 (full 1):
 PSYoungGen      total 76288K, used 0K [0x000000076ab00000, 0x0000000773f00000, 0x00000007c0000000)
  eden space 65536K, 0% used [0x000000076ab00000,0x000000076ab00000,0x000000076eb00000)
  from space 10752K, 0% used [0x000000076eb00000,0x000000076eb00000,0x000000076f580000)
  to   space 10240K, 0% used [0x0000000773500000,0x0000000773500000,0x0000000773f00000)
 ParOldGen       total 94720K, used 7518K [0x00000006c0000000, 0x00000006c5c80000, 0x000000076ab00000)
  object space 94720K, 7% used [0x00000006c0000000,0x00000006c0757940,0x00000006c5c80000)
 Metaspace       used 21041K, capacity 21160K, committed 21296K, reserved 1069056K
  class space    used 2549K, capacity 2582K, committed 2608K, reserved 1048576K
}
Event: 7.616 GC heap before
{Heap before GC invocations=7 (full 1):
 PSYoungGen      total 76288K, used 65536K [0x000000076ab00000, 0x0000000773f00000, 0x00000007c0000000)
  eden space 65536K, 100% used [0x000000076ab00000,0x000000076eb00000,0x000000076eb00000)
  from space 10752K, 0% used [0x000000076eb00000,0x000000076eb00000,0x000000076f580000)
  to   space 10240K, 0% used [0x0000000773500000,0x0000000773500000,0x0000000773f00000)
 ParOldGen       total 94720K, used 7518K [0x00000006c0000000, 0x00000006c5c80000, 0x000000076ab00000)
  object space 94720K, 7% used [0x00000006c0000000,0x00000006c0757940,0x00000006c5c80000)
 Metaspace       used 26724K, capacity 26956K, committed 27312K, reserved 1073152K
  class space    used 3345K, capacity 3420K, committed 3504K, reserved 1048576K
Event: 7.627 GC heap after
Heap after GC invocations=7 (full 1):
 PSYoungGen      total 117760K, used 9969K [0x000000076ab00000, 0x0000000773f00000, 0x00000007c0000000)
  eden space 107520K, 0% used [0x000000076ab00000,0x000000076ab00000,0x0000000771400000)
  from space 10240K, 97% used [0x0000000773500000,0x0000000773ebc650,0x0000000773f00000)
  to   space 11264K, 0% used [0x0000000772900000,0x0000000772900000,0x0000000773400000)
 ParOldGen       total 94720K, used 7518K [0x00000006c0000000, 0x00000006c5c80000, 0x000000076ab00000)
  object space 94720K, 7% used [0x00000006c0000000,0x00000006c0757940,0x00000006c5c80000)
 Metaspace       used 26724K, capacity 26956K, committed 27312K, reserved 1073152K
  class space    used 3345K, capacity 3420K, committed 3504K, reserved 1048576K
}

Deoptimization events (10 events):
Event: 33.540 Thread 0x00007fdd2d0b0000 Uncommon trap: reason=unhandled action=none pc=0x0000000106b7bf10 method=java.net.URLClassLoader$1.run()Ljava/lang/Class; @ 72
Event: 33.540 Thread 0x00007fdd2d0b0000 Uncommon trap: reason=unhandled action=none pc=0x0000000106b7bf10 method=java.net.URLClassLoader$1.run()Ljava/lang/Class; @ 72
Event: 33.541 Thread 0x00007fdd2d0b0000 Uncommon trap: reason=unhandled action=none pc=0x0000000106b7bf10 method=java.net.URLClassLoader$1.run()Ljava/lang/Class; @ 72
Event: 33.541 Thread 0x00007fdd2d0b0000 Uncommon trap: reason=unhandled action=none pc=0x0000000106b7bf10 method=java.net.URLClassLoader$1.run()Ljava/lang/Class; @ 72
Event: 33.542 Thread 0x00007fdd2d0b0000 Uncommon trap: reason=unhandled action=none pc=0x0000000106b7bf10 method=java.net.URLClassLoader$1.run()Ljava/lang/Class; @ 72
Event: 33.543 Thread 0x00007fdd2d0b0000 Uncommon trap: reason=unhandled action=none pc=0x0000000106b7bf10 method=java.net.URLClassLoader$1.run()Ljava/lang/Class; @ 72
Event: 33.544 Thread 0x00007fdd2d0b0000 Uncommon trap: reason=unhandled action=none pc=0x0000000106b7bf10 method=java.net.URLClassLoader$1.run()Ljava/lang/Class; @ 72
Event: 33.545 Thread 0x00007fdd2d0b0000 Uncommon trap: reason=unhandled action=none pc=0x0000000106b7bf10 method=java.net.URLClassLoader$1.run()Ljava/lang/Class; @ 72
Event: 33.548 Thread 0x00007fdd2d0b0000 Uncommon trap: reason=range_check action=none pc=0x0000000106443dec method=sun.reflect.generics.parser.SignatureParser.current()C @ 34
Event: 37.299 Thread 0x00007fdd298f8000 Uncommon trap: reason=unhandled action=none pc=0x0000000106b7bf10 method=java.net.URLClassLoader$1.run()Ljava/lang/Class; @ 72

Internal exceptions (10 events):
Event: 33.540 Thread 0x00007fdd2d0b0000 Exception <a 'java/security/PrivilegedActionException'> (0x000000076d69cb20) thrown at [/HUDSON3/workspace/8-2-build-macosx-x86_64/jdk8u25/1514/hotspot/src/share/vm/prims/jvm.cpp, line 1312]
Event: 33.541 Thread 0x00007fdd2d0b0000 Exception <a 'java/security/PrivilegedActionException'> (0x000000076d6a52c0) thrown at [/HUDSON3/workspace/8-2-build-macosx-x86_64/jdk8u25/1514/hotspot/src/share/vm/prims/jvm.cpp, line 1312]
Event: 33.541 Thread 0x00007fdd2d0b0000 Exception <a 'java/security/PrivilegedActionException'> (0x000000076d6b04d8) thrown at [/HUDSON3/workspace/8-2-build-macosx-x86_64/jdk8u25/1514/hotspot/src/share/vm/prims/jvm.cpp, line 1312]
Event: 33.541 Thread 0x00007fdd2d0b0000 Exception <a 'java/security/PrivilegedActionException'> (0x000000076d6bc768) thrown at [/HUDSON3/workspace/8-2-build-macosx-x86_64/jdk8u25/1514/hotspot/src/share/vm/prims/jvm.cpp, line 1312]
Event: 33.542 Thread 0x00007fdd2d0b0000 Exception <a 'java/security/PrivilegedActionException'> (0x000000076d6c7548) thrown at [/HUDSON3/workspace/8-2-build-macosx-x86_64/jdk8u25/1514/hotspot/src/share/vm/prims/jvm.cpp, line 1312]
Event: 33.543 Thread 0x00007fdd2d0b0000 Exception <a 'java/security/PrivilegedActionException'> (0x000000076d6d1650) thrown at [/HUDSON3/workspace/8-2-build-macosx-x86_64/jdk8u25/1514/hotspot/src/share/vm/prims/jvm.cpp, line 1312]
Event: 33.544 Thread 0x00007fdd2d0b0000 Exception <a 'java/security/PrivilegedActionException'> (0x000000076d6dd450) thrown at [/HUDSON3/workspace/8-2-build-macosx-x86_64/jdk8u25/1514/hotspot/src/share/vm/prims/jvm.cpp, line 1312]
Event: 33.545 Thread 0x00007fdd2d0b0000 Exception <a 'java/security/PrivilegedActionException'> (0x000000076d6e6fb8) thrown at [/HUDSON3/workspace/8-2-build-macosx-x86_64/jdk8u25/1514/hotspot/src/share/vm/prims/jvm.cpp, line 1312]
Event: 33.548 Thread 0x00007fdd2d0b0000 Exception <a 'java/lang/ArrayIndexOutOfBoundsException': 81> (0x000000076d6f39b8) thrown at [/HUDSON3/workspace/8-2-build-macosx-x86_64/jdk8u25/1514/hotspot/src/share/vm/interpreter/interpreterRuntime.cpp, line 366]
Event: 37.299 Thread 0x00007fdd298f8000 Exception <a 'java/security/PrivilegedActionException'> (0x000000076d749920) thrown at [/HUDSON3/workspace/8-2-build-macosx-x86_64/jdk8u25/1514/hotspot/src/share/vm/prims/jvm.cpp, line 1312]

Events (10 events):
Event: 57.978 Executing VM operation: EnterInterpOnlyMode
Event: 57.978 Executing nested VM operation: Deoptimize
Event: 57.978 Executing nested VM operation: Deoptimize done
Event: 57.978 Executing VM operation: EnterInterpOnlyMode done
Event: 57.978 Executing VM operation: ChangeSingleStep
Event: 57.978 Executing VM operation: ChangeSingleStep done
Event: 57.978 Executing VM operation: ChangeSingleStep
Event: 57.978 Executing VM operation: ChangeSingleStep done
Event: 57.987 Executing VM operation: RedefineClasses
Event: 58.017 Executing VM operation: RedefineClasses done


Dynamic libraries:
0x000000000ca52000 	/System/Library/Frameworks/Cocoa.framework/Versions/A/Cocoa
0x000000000ca52000 	/System/Library/Frameworks/Security.framework/Versions/A/Security
0x000000000ca52000 	/System/Library/Frameworks/ApplicationServices.framework/Versions/A/ApplicationServices
0x000000000ca52000 	/usr/lib/libz.1.dylib
0x000000000ca52000 	/usr/lib/libSystem.B.dylib
0x000000000ca52000 	/usr/lib/libobjc.A.dylib
0x000000000ca52000 	/System/Library/Frameworks/CoreFoundation.framework/Versions/A/CoreFoundation
0x000000000ca52000 	/System/Library/Frameworks/Foundation.framework/Versions/C/Foundation
0x000000000ca52000 	/System/Library/Frameworks/AppKit.framework/Versions/C/AppKit
0x000000000ca52000 	/System/Library/Frameworks/CoreData.framework/Versions/A/CoreData
0x000000000ca52000 	/System/Library/PrivateFrameworks/RemoteViewServices.framework/Versions/A/RemoteViewServices
0x000000000ca52000 	/System/Library/PrivateFrameworks/UIFoundation.framework/Versions/A/UIFoundation
0x000000000ca52000 	/usr/lib/libScreenReader.dylib
0x000000000ca52000 	/System/Library/Frameworks/Accelerate.framework/Versions/A/Accelerate
0x000000000ca52000 	/System/Library/Frameworks/IOSurface.framework/Versions/A/IOSurface
0x000000000ca52000 	/System/Library/Frameworks/AudioToolbox.framework/Versions/A/AudioToolbox
0x000000000ca52000 	/System/Library/Frameworks/AudioUnit.framework/Versions/A/AudioUnit
0x000000000ca52000 	/System/Library/PrivateFrameworks/DataDetectorsCore.framework/Versions/A/DataDetectorsCore
0x000000000ca52000 	/System/Library/PrivateFrameworks/DesktopServicesPriv.framework/Versions/A/DesktopServicesPriv
0x000000000ca52000 	/System/Library/Frameworks/Carbon.framework/Versions/A/Frameworks/HIToolbox.framework/Versions/A/HIToolbox
0x000000000ca52000 	/System/Library/Frameworks/QuartzCore.framework/Versions/A/QuartzCore
0x000000000ca52000 	/System/Library/Frameworks/Carbon.framework/Versions/A/Frameworks/SpeechRecognition.framework/Versions/A/SpeechRecognition
0x000000000ca52000 	/usr/lib/libauto.dylib
0x000000000ca52000 	/usr/lib/libicucore.A.dylib
0x000000000ca52000 	/usr/lib/libxml2.2.dylib
0x000000000ca52000 	/System/Library/PrivateFrameworks/CoreUI.framework/Versions/A/CoreUI
0x000000000ca52000 	/System/Library/Frameworks/CoreAudio.framework/Versions/A/CoreAudio
0x000000000ca52000 	/System/Library/Frameworks/DiskArbitration.framework/Versions/A/DiskArbitration
0x000000000ca52000 	/usr/lib/liblangid.dylib
0x000000000ca52000 	/System/Library/PrivateFrameworks/MultitouchSupport.framework/Versions/A/MultitouchSupport
0x000000000ca52000 	/System/Library/Frameworks/IOKit.framework/Versions/A/IOKit
0x000000000ca52000 	/usr/lib/libDiagnosticMessagesClient.dylib
0x000000000ca52000 	/System/Library/Frameworks/CoreServices.framework/Versions/A/CoreServices
0x000000000ca52000 	/System/Library/PrivateFrameworks/PerformanceAnalysis.framework/Versions/A/PerformanceAnalysis
0x000000000ca52000 	/System/Library/PrivateFrameworks/GenerationalStorage.framework/Versions/A/GenerationalStorage
0x000000000ca52000 	/System/Library/Frameworks/OpenGL.framework/Versions/A/OpenGL
0x000000000ca52000 	/System/Library/PrivateFrameworks/Sharing.framework/Versions/A/Sharing
0x000000000ca52000 	/System/Library/Frameworks/CoreGraphics.framework/Versions/A/CoreGraphics
0x000000000ca52000 	/System/Library/Frameworks/CoreImage.framework/Versions/A/CoreImage
0x000000000ca52000 	/System/Library/Frameworks/CoreText.framework/Versions/A/CoreText
0x000000000ca52000 	/System/Library/Frameworks/ImageIO.framework/Versions/A/ImageIO
0x000000000ca52000 	/System/Library/PrivateFrameworks/Backup.framework/Versions/A/Backup
0x000000000ca52000 	/usr/lib/libextension.dylib
0x000000000ca52000 	/usr/lib/libarchive.2.dylib
0x000000000ca52000 	/System/Library/Frameworks/CFNetwork.framework/Versions/A/CFNetwork
0x000000000ca52000 	/System/Library/Frameworks/SystemConfiguration.framework/Versions/A/SystemConfiguration
0x000000000ca52000 	/usr/lib/libCRFSuite.dylib
0x000000000ca52000 	/usr/lib/libc++.1.dylib
0x000000000ca52000 	/usr/lib/libc++abi.dylib
0x000000000ca52000 	/usr/lib/system/libcache.dylib
0x000000000ca52000 	/usr/lib/system/libcommonCrypto.dylib
0x000000000ca52000 	/usr/lib/system/libcompiler_rt.dylib
0x000000000ca52000 	/usr/lib/system/libcopyfile.dylib
0x000000000ca52000 	/usr/lib/system/libcorecrypto.dylib
0x000000000ca52000 	/usr/lib/system/libdispatch.dylib
0x000000000ca52000 	/usr/lib/system/libdyld.dylib
0x000000000ca52000 	/usr/lib/system/libkeymgr.dylib
0x000000000ca52000 	/usr/lib/system/liblaunch.dylib
0x000000000ca52000 	/usr/lib/system/libmacho.dylib
0x000000000ca52000 	/usr/lib/system/libquarantine.dylib
0x000000000ca52000 	/usr/lib/system/libremovefile.dylib
0x000000000ca52000 	/usr/lib/system/libsystem_asl.dylib
0x000000000ca52000 	/usr/lib/system/libsystem_blocks.dylib
0x000000000ca52000 	/usr/lib/system/libsystem_c.dylib
0x000000000ca52000 	/usr/lib/system/libsystem_configuration.dylib
0x000000000ca52000 	/usr/lib/system/libsystem_coreservices.dylib
0x000000000ca52000 	/usr/lib/system/libsystem_coretls.dylib
0x000000000ca52000 	/usr/lib/system/libsystem_dnssd.dylib
0x000000000ca52000 	/usr/lib/system/libsystem_info.dylib
0x000000000ca52000 	/usr/lib/system/libsystem_kernel.dylib
0x000000000ca52000 	/usr/lib/system/libsystem_m.dylib
0x000000000ca52000 	/usr/lib/system/libsystem_malloc.dylib
0x000000000ca52000 	/usr/lib/system/libsystem_network.dylib
0x000000000ca52000 	/usr/lib/system/libsystem_networkextension.dylib
0x000000000ca52000 	/usr/lib/system/libsystem_notify.dylib
0x000000000ca52000 	/usr/lib/system/libsystem_platform.dylib
0x000000000ca52000 	/usr/lib/system/libsystem_pthread.dylib
0x000000000ca52000 	/usr/lib/system/libsystem_sandbox.dylib
0x000000000ca52000 	/usr/lib/system/libsystem_secinit.dylib
0x000000000ca52000 	/usr/lib/system/libsystem_trace.dylib
0x000000000ca52000 	/usr/lib/system/libunc.dylib
0x000000000ca52000 	/usr/lib/system/libunwind.dylib
0x000000000ca52000 	/usr/lib/system/libxpc.dylib
0x000000000ca52000 	/usr/lib/libenergytrace.dylib
0x000000000ca52000 	/usr/lib/libbsm.0.dylib
0x000000000ca52000 	/usr/lib/system/libkxld.dylib
0x000000000ca52000 	/usr/lib/libxar.1.dylib
0x000000000ca52000 	/usr/lib/libsqlite3.dylib
0x000000000ca52000 	/usr/lib/libpam.2.dylib
0x000000000ca52000 	/usr/lib/libOpenScriptingUtil.dylib
0x000000000ca52000 	/usr/lib/libbz2.1.0.dylib
0x000000000ca52000 	/usr/lib/liblzma.5.dylib
0x000000000ca52000 	/System/Library/Frameworks/CoreServices.framework/Versions/A/Frameworks/FSEvents.framework/Versions/A/FSEvents
0x000000000ca52000 	/System/Library/Frameworks/CoreServices.framework/Versions/A/Frameworks/CarbonCore.framework/Versions/A/CarbonCore
0x000000000ca52000 	/System/Library/Frameworks/CoreServices.framework/Versions/A/Frameworks/Metadata.framework/Versions/A/Metadata
0x000000000ca52000 	/System/Library/Frameworks/CoreServices.framework/Versions/A/Frameworks/OSServices.framework/Versions/A/OSServices
0x000000000ca52000 	/System/Library/Frameworks/CoreServices.framework/Versions/A/Frameworks/SearchKit.framework/Versions/A/SearchKit
0x000000000ca52000 	/System/Library/Frameworks/CoreServices.framework/Versions/A/Frameworks/AE.framework/Versions/A/AE
0x000000000ca52000 	/System/Library/Frameworks/CoreServices.framework/Versions/A/Frameworks/LaunchServices.framework/Versions/A/LaunchServices
0x000000000ca52000 	/System/Library/Frameworks/CoreServices.framework/Versions/A/Frameworks/DictionaryServices.framework/Versions/A/DictionaryServices
0x000000000ca52000 	/System/Library/Frameworks/CoreServices.framework/Versions/A/Frameworks/SharedFileList.framework/Versions/A/SharedFileList
0x000000000ca52000 	/System/Library/Frameworks/NetFS.framework/Versions/A/NetFS
0x000000000ca52000 	/System/Library/PrivateFrameworks/NetAuth.framework/Versions/A/NetAuth
0x000000000ca52000 	/System/Library/PrivateFrameworks/login.framework/Versions/A/Frameworks/loginsupport.framework/Versions/A/loginsupport
0x000000000ca52000 	/System/Library/PrivateFrameworks/TCC.framework/Versions/A/TCC
0x000000000ca52000 	/usr/lib/libmecabra.dylib
0x000000000ca52000 	/System/Library/Frameworks/ApplicationServices.framework/Versions/A/Frameworks/ATS.framework/Versions/A/ATS
0x000000000ca52000 	/System/Library/Frameworks/ApplicationServices.framework/Versions/A/Frameworks/ColorSync.framework/Versions/A/ColorSync
0x000000000ca52000 	/System/Library/Frameworks/ApplicationServices.framework/Versions/A/Frameworks/HIServices.framework/Versions/A/HIServices
0x000000000ca52000 	/System/Library/Frameworks/ApplicationServices.framework/Versions/A/Frameworks/LangAnalysis.framework/Versions/A/LangAnalysis
0x000000000ca52000 	/System/Library/Frameworks/ApplicationServices.framework/Versions/A/Frameworks/PrintCore.framework/Versions/A/PrintCore
0x000000000ca52000 	/System/Library/Frameworks/ApplicationServices.framework/Versions/A/Frameworks/QD.framework/Versions/A/QD
0x000000000ca52000 	/System/Library/Frameworks/ApplicationServices.framework/Versions/A/Frameworks/SpeechSynthesis.framework/Versions/A/SpeechSynthesis
0x000000000ca52000 	/System/Library/Frameworks/Metal.framework/Versions/A/Metal
0x000000000ca52000 	/System/Library/Frameworks/Accelerate.framework/Versions/A/Frameworks/vImage.framework/Versions/A/vImage
0x000000000ca52000 	/System/Library/Frameworks/Accelerate.framework/Versions/A/Frameworks/vecLib.framework/Versions/A/vecLib
0x000000000ca52000 	/System/Library/Frameworks/Accelerate.framework/Versions/A/Frameworks/vecLib.framework/Versions/A/libvDSP.dylib
0x000000000ca52000 	/System/Library/Frameworks/Accelerate.framework/Versions/A/Frameworks/vecLib.framework/Versions/A/libvMisc.dylib
0x000000000ca52000 	/System/Library/Frameworks/Accelerate.framework/Versions/A/Frameworks/vecLib.framework/Versions/A/libLAPACK.dylib
0x000000000ca52000 	/System/Library/Frameworks/Accelerate.framework/Versions/A/Frameworks/vecLib.framework/Versions/A/libBLAS.dylib
0x000000000ca52000 	/System/Library/Frameworks/Accelerate.framework/Versions/A/Frameworks/vecLib.framework/Versions/A/libLinearAlgebra.dylib
0x000000000ca52000 	/System/Library/Frameworks/Accelerate.framework/Versions/A/Frameworks/vecLib.framework/Versions/A/libSparseBLAS.dylib
0x000000000ca52000 	/System/Library/PrivateFrameworks/GPUCompiler.framework/libmetal_timestamp.dylib
0x000000000ca52000 	/System/Library/Frameworks/OpenGL.framework/Versions/A/Libraries/libCoreFSCache.dylib
0x000000000ca52000 	/System/Library/PrivateFrameworks/IOAccelerator.framework/Versions/A/IOAccelerator
0x000000000ca52000 	/System/Library/Frameworks/ApplicationServices.framework/Versions/A/Frameworks/ATS.framework/Versions/A/Resources/libFontParser.dylib
0x000000000ca52000 	/System/Library/Frameworks/ApplicationServices.framework/Versions/A/Frameworks/ATS.framework/Versions/A/Resources/libFontRegistry.dylib
0x000000000ca52000 	/System/Library/PrivateFrameworks/AppleVPA.framework/Versions/A/AppleVPA
0x000000000ca52000 	/System/Library/PrivateFrameworks/AppleJPEG.framework/Versions/A/AppleJPEG
0x000000000ca52000 	/System/Library/Frameworks/ImageIO.framework/Versions/A/Resources/libJPEG.dylib
0x000000000ca52000 	/System/Library/Frameworks/ImageIO.framework/Versions/A/Resources/libTIFF.dylib
0x000000000ca52000 	/System/Library/Frameworks/ImageIO.framework/Versions/A/Resources/libPng.dylib
0x000000000ca52000 	/System/Library/Frameworks/ImageIO.framework/Versions/A/Resources/libGIF.dylib
0x000000000ca52000 	/System/Library/Frameworks/ImageIO.framework/Versions/A/Resources/libJP2.dylib
0x000000000ca52000 	/System/Library/Frameworks/ImageIO.framework/Versions/A/Resources/libRadiance.dylib
0x000000000ca52000 	/System/Library/Frameworks/CoreVideo.framework/Versions/A/CoreVideo
0x000000000ca52000 	/System/Library/Frameworks/OpenGL.framework/Versions/A/Libraries/libGLU.dylib
0x000000000ca52000 	/System/Library/Frameworks/OpenGL.framework/Versions/A/Libraries/libGFXShared.dylib
0x000000000ca52000 	/System/Library/Frameworks/OpenGL.framework/Versions/A/Libraries/libGL.dylib
0x000000000ca52000 	/System/Library/Frameworks/OpenGL.framework/Versions/A/Libraries/libGLImage.dylib
0x000000000ca52000 	/System/Library/Frameworks/OpenGL.framework/Versions/A/Libraries/libCVMSPluginSupport.dylib
0x000000000ca52000 	/System/Library/Frameworks/OpenGL.framework/Versions/A/Libraries/libCoreVMClient.dylib
0x000000000ca52000 	/usr/lib/libcups.2.dylib
0x000000000ca52000 	/System/Library/Frameworks/Kerberos.framework/Versions/A/Kerberos
0x000000000ca52000 	/System/Library/Frameworks/GSS.framework/Versions/A/GSS
0x000000000ca52000 	/usr/lib/libresolv.9.dylib
0x000000000ca52000 	/usr/lib/libiconv.2.dylib
0x000000000ca52000 	/System/Library/PrivateFrameworks/Heimdal.framework/Versions/A/Heimdal
0x000000000ca52000 	/usr/lib/libheimdal-asn1.dylib
0x000000000ca52000 	/System/Library/Frameworks/OpenDirectory.framework/Versions/A/OpenDirectory
0x000000000ca52000 	/System/Library/PrivateFrameworks/CommonAuth.framework/Versions/A/CommonAuth
0x000000000ca52000 	/System/Library/Frameworks/OpenDirectory.framework/Versions/A/Frameworks/CFOpenDirectory.framework/Versions/A/CFOpenDirectory
0x000000000ca52000 	/System/Library/Frameworks/SecurityFoundation.framework/Versions/A/SecurityFoundation
0x000000000ca52000 	/System/Library/PrivateFrameworks/LanguageModeling.framework/Versions/A/LanguageModeling
0x000000000ca52000 	/usr/lib/libmarisa.dylib
0x000000000ca52000 	/usr/lib/libChineseTokenizer.dylib
0x000000000ca52000 	/usr/lib/libcmph.dylib
0x000000000ca52000 	/usr/lib/libcompression.dylib
0x000000000ca52000 	/System/Library/Frameworks/ServiceManagement.framework/Versions/A/ServiceManagement
0x000000000ca52000 	/usr/lib/libxslt.1.dylib
0x000000000ca52000 	/System/Library/Frameworks/Carbon.framework/Versions/A/Frameworks/Ink.framework/Versions/A/Ink
0x000000000ca52000 	/usr/lib/libFosl_dynamic.dylib
0x000000000ca52000 	/System/Library/PrivateFrameworks/FaceCore.framework/Versions/A/FaceCore
0x000000000ca52000 	/System/Library/Frameworks/OpenCL.framework/Versions/A/OpenCL
0x000000000ca52000 	/System/Library/PrivateFrameworks/CrashReporterSupport.framework/Versions/A/CrashReporterSupport
0x000000000ca52000 	/System/Library/PrivateFrameworks/IconServices.framework/Versions/A/IconServices
0x000000000ca52000 	/System/Library/PrivateFrameworks/Apple80211.framework/Versions/A/Apple80211
0x000000000ca52000 	/System/Library/Frameworks/CoreWLAN.framework/Versions/A/CoreWLAN
0x000000000ca52000 	/System/Library/Frameworks/IOBluetooth.framework/Versions/A/IOBluetooth
0x000000000ca52000 	/System/Library/PrivateFrameworks/CoreWiFi.framework/Versions/A/CoreWiFi
0x000000000ca52000 	/System/Library/Frameworks/CoreBluetooth.framework/Versions/A/CoreBluetooth
0x000000000ca52000 	/System/Library/PrivateFrameworks/ChunkingLibrary.framework/Versions/A/ChunkingLibrary
0x000000000ca52000 	/System/Library/PrivateFrameworks/DebugSymbols.framework/Versions/A/DebugSymbols
0x000000000ca52000 	/System/Library/PrivateFrameworks/CoreSymbolication.framework/Versions/A/CoreSymbolication
0x000000000ca52000 	/System/Library/PrivateFrameworks/Symbolication.framework/Versions/A/Symbolication
0x000000000ca52000 	/System/Library/PrivateFrameworks/SpeechRecognitionCore.framework/Versions/A/SpeechRecognitionCore
0x00000001048fa000 	/Library/Java/JavaVirtualMachines/jdk1.8.0_25.jdk/Contents/Home/jre/lib/server/libjvm.dylib
0x000000000ca52000 	/usr/lib/libstdc++.6.dylib
0x000000010581a000 	/Library/Java/JavaVirtualMachines/jdk1.8.0_25.jdk/Contents/Home/jre/lib/libverify.dylib
0x0000000105828000 	/Library/Java/JavaVirtualMachines/jdk1.8.0_25.jdk/Contents/Home/jre/lib/libjava.dylib
0x000000010585d000 	/Library/Java/JavaVirtualMachines/jdk1.8.0_25.jdk/Contents/Home/jre/lib/libjdwp.dylib
0x00000001058a8000 	/Library/Java/JavaVirtualMachines/jdk1.8.0_25.jdk/Contents/Home/jre/lib/libnpt.dylib
0x00000001058b5000 	/Library/Java/JavaVirtualMachines/jdk1.8.0_25.jdk/Contents/Home/jre/lib/libzip.dylib
0x00000001059e3000 	/System/Library/Frameworks/JavaVM.framework/Frameworks/JavaRuntimeSupport.framework/JavaRuntimeSupport
0x000000012050e000 	/System/Library/Frameworks/JavaVM.framework/Versions/A/Frameworks/JavaNativeFoundation.framework/Versions/A/JavaNativeFoundation
0x0000000120523000 	/System/Library/Frameworks/JavaVM.framework/Versions/A/JavaVM
0x000000000ca52000 	/System/Library/Frameworks/Carbon.framework/Versions/A/Carbon
0x0000000120530000 	/System/Library/PrivateFrameworks/JavaLaunching.framework/Versions/A/JavaLaunching
0x000000000ca52000 	/System/Library/Frameworks/Carbon.framework/Versions/A/Frameworks/CommonPanels.framework/Versions/A/CommonPanels
0x000000000ca52000 	/System/Library/Frameworks/Carbon.framework/Versions/A/Frameworks/Help.framework/Versions/A/Help
0x000000000ca52000 	/System/Library/Frameworks/Carbon.framework/Versions/A/Frameworks/ImageCapture.framework/Versions/A/ImageCapture
0x000000000ca52000 	/System/Library/Frameworks/Carbon.framework/Versions/A/Frameworks/OpenScripting.framework/Versions/A/OpenScripting
0x000000000ca52000 	/System/Library/Frameworks/Carbon.framework/Versions/A/Frameworks/Print.framework/Versions/A/Print
0x000000000ca52000 	/System/Library/Frameworks/Carbon.framework/Versions/A/Frameworks/SecurityHI.framework/Versions/A/SecurityHI
0x0000000121e4e000 	/Library/Java/JavaVirtualMachines/jdk1.8.0_25.jdk/Contents/Home/jre/lib/libdt_socket.dylib
0x0000000122280000 	/Library/Java/JavaVirtualMachines/jdk1.8.0_25.jdk/Contents/Home/jre/lib/libmanagement.dylib
0x000000012228d000 	/Library/Java/JavaVirtualMachines/jdk1.8.0_25.jdk/Contents/Home/jre/lib/libnet.dylib
0x0000000122070000 	/Library/Java/JavaVirtualMachines/jdk1.8.0_25.jdk/Contents/Home/jre/lib/libnio.dylib

VM Arguments:
jvm_args: -agentlib:jdwp=transport=dt_socket,suspend=y,address=localhost:61472 -Dfile.encoding=UTF-8 
java_command: br.com.baldereducation.baldersatistics.BalderStatisticsAppConfig
java_class_path (initial): /Users/rogeriofontes/Documents/workspace-balder-education/balder-statistics/target/classes:/Users/rogeriofontes/.m2/repository/org/springframework/boot/spring-boot-starter-web/1.1.9.RELEASE/spring-boot-starter-web-1.1.9.RELEASE.jar:/Users/rogeriofontes/.m2/repository/org/springframework/boot/spring-boot-starter/1.1.9.RELEASE/spring-boot-starter-1.1.9.RELEASE.jar:/Users/rogeriofontes/.m2/repository/org/springframework/boot/spring-boot/1.1.9.RELEASE/spring-boot-1.1.9.RELEASE.jar:/Users/rogeriofontes/.m2/repository/org/springframework/boot/spring-boot-autoconfigure/1.1.9.RELEASE/spring-boot-autoconfigure-1.1.9.RELEASE.jar:/Users/rogeriofontes/.m2/repository/org/springframework/boot/spring-boot-starter-logging/1.1.9.RELEASE/spring-boot-starter-logging-1.1.9.RELEASE.jar:/Users/rogeriofontes/.m2/repository/org/slf4j/jul-to-slf4j/1.7.7/jul-to-slf4j-1.7.7.jar:/Users/rogeriofontes/.m2/repository/org/slf4j/log4j-over-slf4j/1.7.7/log4j-over-slf4j-1.7.7.jar:/Users/rogeriofontes/.m2/repository/ch/qos/logback/logback-classic/1.1.2/logback-classic-1.1.2.jar:/Users/rogeriofontes/.m2/repository/ch/qos/logback/logback-core/1.1.2/logback-core-1.1.2.jar:/Users/rogeriofontes/.m2/repository/org/yaml/snakeyaml/1.13/snakeyaml-1.13.jar:/Users/rogeriofontes/.m2/repository/org/springframework/boot/spring-boot-starter-tomcat/1.1.9.RELEASE/spring-boot-starter-tomcat-1.1.9.RELEASE.jar:/Users/rogeriofontes/.m2/repository/org/apache/tomcat/embed/tomcat-embed-core/7.0.56/tomcat-embed-core-7.0.56.jar:/Users/rogeriofontes/.m2/repository/org/apache/tomcat/embed/tomcat-embed-el/7.0.56/tomcat-embed-el-7.0.56.jar:/Users/rogeriofontes/.m2/repository/org/apache/tomcat/embed/tomcat-embed-logging-juli/7.0.56/tomcat-embed-logging-juli-7.0.56.jar:/Users/rogeriofontes/.m2/repository/org/apache/tomcat/embed/tomcat-embed-websocket/7.0.56/tomcat-embed-websocket-7.0.56.jar:/Users/rogeriofontes/.m2/repository/com/fasterxml/jackson/core/jackson-databind/2.3.4/jackson-databind-2.3.4.jar:/U
Launcher Type: SUN_STANDARD

Environment Variables:
PATH=/usr/bin:/bin:/usr/sbin:/sbin
SHELL=/bin/bash
DISPLAY=/private/tmp/com.apple.launchd.47Ze1hBiPG/org.macosforge.xquartz:0

Signal Handlers:
SIGSEGV: [libjvm.dylib+0x579dc7], sa_mask[0]=11111111011111110111111111111111, sa_flags=SA_ONSTACK|SA_RESTART|SA_SIGINFO
SIGBUS: [libjvm.dylib+0x579dc7], sa_mask[0]=11111111011111110111111111111111, sa_flags=SA_RESTART|SA_SIGINFO
SIGFPE: [libjvm.dylib+0x45b030], sa_mask[0]=11111111011111110111111111111111, sa_flags=SA_RESTART|SA_SIGINFO
SIGPIPE: [libjvm.dylib+0x45b030], sa_mask[0]=11111111011111110111111111111111, sa_flags=SA_RESTART|SA_SIGINFO
SIGXFSZ: [libjvm.dylib+0x45b030], sa_mask[0]=11111111011111110111111111111111, sa_flags=SA_RESTART|SA_SIGINFO
SIGILL: [libjvm.dylib+0x45b030], sa_mask[0]=11111111011111110111111111111111, sa_flags=SA_RESTART|SA_SIGINFO
SIGUSR1: SIG_DFL, sa_mask[0]=00000000000000000000000000000000, sa_flags=none
SIGUSR2: [libjvm.dylib+0x45ab4e], sa_mask[0]=00100000000000000000000000000000, sa_flags=SA_RESTART|SA_SIGINFO
SIGHUP: [libjvm.dylib+0x459121], sa_mask[0]=11111111011111110111111111111111, sa_flags=SA_RESTART|SA_SIGINFO
SIGINT: [libjvm.dylib+0x459121], sa_mask[0]=11111111011111110111111111111111, sa_flags=SA_RESTART|SA_SIGINFO
SIGTERM: [libjvm.dylib+0x459121], sa_mask[0]=11111111011111110111111111111111, sa_flags=SA_RESTART|SA_SIGINFO
SIGQUIT: [libjvm.dylib+0x459121], sa_mask[0]=11111111011111110111111111111111, sa_flags=SA_RESTART|SA_SIGINFO


---------------  S Y S T E M  ---------------

OS:Bsduname:Darwin 15.0.0 Darwin Kernel Version 15.0.0: Wed Aug 26 16:57:32 PDT 2015; root:xnu-3247.1.106~1/RELEASE_X86_64 x86_64
rlimit: STACK 8192k, CORE 0k, NPROC 709, NOFILE 10240, AS infinity
load average:1.79 2.10 2.19

CPU:total 4 (2 cores per cpu, 2 threads per core) family 6 model 58 stepping 9, cmov, cx8, fxsr, mmx, sse, sse2, sse3, ssse3, sse4.1, sse4.2, popcnt, avx, aes, clmul, erms, ht, tsc, tscinvbit, tscinv

Memory: 4k page, physical 16777216k(2197796k free)

/proc/meminfo:


vm_info: Java HotSpot(TM) 64-Bit Server VM (25.25-b02) for bsd-amd64 JRE (1.8.0_25-b17), built on Sep 17 2014 16:56:50 by "java_re" with gcc 4.2.1 (Based on Apple Inc. build 5658) (LLVM build 2336.11.00)

time: Sat Oct 31 16:03:08 2015
elapsed time: 58 seconds (0d 0h 0m 58s)

